
Pipeline: nyc-taxi (../../..)
  No issues found

✓ Successfully validated 1 assets across 1 pipeline, all good.

Interval: 2025-02-02T00:00:00Z - 2025-02-03T00:00:00Z

Starting the pipeline execution...

[12:36:59] Running:  ingestion.trips
[12:36:59] >> Installed 1 package in 26ms
[12:36:59] >> warning: `--no-sync` is a no-op for Python scripts with inline metadata, which always run in isolation
[12:37:00] >> Traceback (most recent call last):
[12:37:00] >>   File "/tmp/bruin-arrow-3740482697.py", line 19, in <module>
[12:37:00] >>     df = module.materialize()
[12:37:00] >>          ^^^^^^^^^^^^^^^^^^^^
[12:37:00] >>   File "/home/jh/dezc-2025-hw/data-platforms/zoomcamp/pipeline/assets/ingestion/trips.py", line 57, in materialize
[12:37:00] >>     return pd.concat(frames, ignore_index=True)
[12:37:00] >>            ^^^^^^^^^^^^^^^^^^^^^^^^^^^^^^^^^^^^
[12:37:00] >>   File "/home/jh/.cache/uv/archive-v0/6v8LdCfcRrGFSDsiO9EzD/lib/python3.11/site-packages/pandas/core/reshape/concat.py", line 382, in concat
[12:37:00] >>     op = _Concatenator(
[12:37:00] >>          ^^^^^^^^^^^^^^
[12:37:00] >>   File "/home/jh/.cache/uv/archive-v0/6v8LdCfcRrGFSDsiO9EzD/lib/python3.11/site-packages/pandas/core/reshape/concat.py", line 445, in __init__
[12:37:00] >>     objs, keys = self._clean_keys_and_objs(objs, keys)
[12:37:00] >>                  ^^^^^^^^^^^^^^^^^^^^^^^^^^^^^^^^^^^^^
[12:37:00] >>   File "/home/jh/.cache/uv/archive-v0/6v8LdCfcRrGFSDsiO9EzD/lib/python3.11/site-packages/pandas/core/reshape/concat.py", line 507, in _clean_keys_and_objs
[12:37:00] >>     raise ValueError("No objects to concatenate")
[12:37:00] >> ValueError: No objects to concatenate
[12:37:00] Failed: ingestion.trips (1.055s)

==================================================

FAIL ingestion.trips 


bruin run completed with failures in 1.056s

 ✗ Assets executed      1 failed


1 assets failed
└── ingestion.trips
    └── failed to execute Python script: failed to run asset code: exit status 1

