
Pipeline: nyc-taxi (../../..)
  No issues found

✓ Successfully validated 1 assets across 1 pipeline, all good.

Interval: 2025-02-02T00:00:00Z - 2025-02-02T00:00:00Z

Starting the pipeline execution...

[12:35:06] Running:  ingestion.trips
[12:35:06] >> Installed 1 package in 15ms
[12:35:06] >> warning: `--no-sync` is a no-op for Python scripts with inline metadata, which always run in isolation
[12:35:06] >> Downloading numpy (16.1MiB)
[12:35:26] >>  Downloaded numpy
[12:35:26] >> Installed 12 packages in 91ms
[12:35:28] >> Traceback (most recent call last):
[12:35:28] >>   File "/tmp/bruin-arrow-3743184188.py", line 19, in <module>
[12:35:28] >>     df = module.materialize()
[12:35:28] >>          ^^^^^^^^^^^^^^^^^^^^
[12:35:28] >>   File "/home/jh/dezc-2025-hw/data-platforms/zoomcamp/pipeline/assets/ingestion/trips.py", line 57, in materialize
[12:35:28] >>     return pd.concat(frames, ignore_index=True)
[12:35:28] >>            ^^^^^^^^^^^^^^^^^^^^^^^^^^^^^^^^^^^^
[12:35:28] >>   File "/home/jh/.cache/uv/archive-v0/6v8LdCfcRrGFSDsiO9EzD/lib/python3.11/site-packages/pandas/core/reshape/concat.py", line 382, in concat
[12:35:28] >>     op = _Concatenator(
[12:35:28] >>          ^^^^^^^^^^^^^^
[12:35:28] >>   File "/home/jh/.cache/uv/archive-v0/6v8LdCfcRrGFSDsiO9EzD/lib/python3.11/site-packages/pandas/core/reshape/concat.py", line 445, in __init__
[12:35:28] >>     objs, keys = self._clean_keys_and_objs(objs, keys)
[12:35:28] >>                  ^^^^^^^^^^^^^^^^^^^^^^^^^^^^^^^^^^^^^
[12:35:28] >>   File "/home/jh/.cache/uv/archive-v0/6v8LdCfcRrGFSDsiO9EzD/lib/python3.11/site-packages/pandas/core/reshape/concat.py", line 507, in _clean_keys_and_objs
[12:35:28] >>     raise ValueError("No objects to concatenate")
[12:35:28] >> ValueError: No objects to concatenate
[12:35:28] Failed: ingestion.trips (19.657s)

==================================================

FAIL ingestion.trips 


bruin run completed with failures in 19.658s

 ✗ Assets executed      1 failed


1 assets failed
└── ingestion.trips
    └── failed to execute Python script: failed to run asset code: exit status 1

