
Pipeline: nyc_taxi (..)
  No issues found

✓ Successfully validated 4 assets across 1 pipeline, all good.

Interval: 2022-01-01T00:00:00Z - 2022-02-01T00:00:00Z

Starting the pipeline execution...

[17:57:02] Running:  ingestion.trips
[17:57:02] Running:  ingestion.payment_lookup
[17:57:02] Failed: ingestion.trips (0s)
[18:04:15] Failed: ingestion.payment_lookup (1m29.799s)

==================================================

FAIL ingestion.trips 
FAIL ingestion.payment_lookup UUU
UPSTREAM FAILED reports.trips_report U
UPSTREAM FAILED staging.trips UU


bruin run completed with failures in 1m29.799s

 ✗ Assets executed      2 failed / 2 skipped
 ✗ Quality checks       6 skipped


2 assets failed
├── ingestion.trips
│   └── there's no secret with the name 'duckdb_default'.
└── ingestion.payment_lookup
    └── failed to install ingestr: signal: interrupt

