
Pipeline: bruin-init (../..)
  No issues found

✓ Successfully validated 3 assets across 1 pipeline, all good.

Interval: 2026-02-26T00:00:00Z - 2026-02-26T23:59:59Z

Starting the pipeline execution...

[11:12:51] Running:  dataset.player_stats
[11:12:51] Finished: dataset.player_stats (39ms)
[11:12:51] Running:  dataset.player_stats:custom-check:row_count_is_greater_than_zero
[11:12:51] Running:  dataset.player_stats:name:unique
[11:12:51] Running:  dataset.player_stats:name:not_null
[11:12:51] Running:  dataset.player_stats:player_count:not_null
[11:12:51] Running:  dataset.player_stats:player_count:positive
[11:12:51] Finished: dataset.player_stats:name:unique (14ms)
[11:12:51] Finished: dataset.player_stats:player_count:positive (23ms)
[11:12:51] Finished: dataset.player_stats:player_count:not_null (30ms)
[11:12:51] Finished: dataset.player_stats:name:not_null (39ms)
[11:12:51] Finished: dataset.player_stats:custom-check:row_count_is_greater_than_zero (49ms)

==================================================

PASS dataset.player_stats .....


bruin run completed successfully in 88ms

 ✓ Assets executed      1 succeeded
 ✓ Quality checks       5 succeeded
