
Pipeline: nyc-taxi (../../..)
  No issues found

✓ Successfully validated 1 assets across 1 pipeline, all good.

Interval: 2026-02-26T00:00:00Z - 2026-02-26T23:59:59Z

Starting the pipeline execution...

[12:12:20] Running:  ingestion.trips
[12:12:20] >> Downloading pyarrow (38.2MiB)
[12:12:42] >>  Downloaded pyarrow
[12:12:42] >> Installed 1 package in 24ms
[12:12:42] >> warning: `--no-sync` is a no-op for Python scripts with inline metadata, which always run in isolation
[12:12:42] >> warning: Requirements file `data-platforms/zoomcamp/pipeline/assets/ingestion/requirements.txt` does not contain any dependencies
[12:12:42] >> Traceback (most recent call last):
[12:12:42] >>   File "/tmp/bruin-arrow-3584862163.py", line 18, in <module>
[12:12:42] >>     module = import_module_from_path("/home/jh/dezc-2025-hw", "data-platforms.zoomcamp.pipeline.assets.ingestion.trips")
[12:12:42] >>              ^^^^^^^^^^^^^^^^^^^^^^^^^^^^^^^^^^^^^^^^^^^^^^^^^^^^^^^^^^^^^^^^^^^^^^^^^^^^^^^^^^^^^^^^^^^^^^^^^^^^^^^^^^^
[12:12:42] >>   File "/tmp/bruin-arrow-3584862163.py", line 16, in import_module_from_path
[12:12:42] >>     return importlib.import_module(module_name)
[12:12:42] >>            ^^^^^^^^^^^^^^^^^^^^^^^^^^^^^^^^^^^^
[12:12:42] >>   File "/home/jh/.local/share/uv/python/cpython-3.11.14-linux-x86_64-gnu/lib/python3.11/importlib/__init__.py", line 126, in import_module
[12:12:42] >>     return _bootstrap._gcd_import(name[level:], package, level)
[12:12:42] >>            ^^^^^^^^^^^^^^^^^^^^^^^^^^^^^^^^^^^^^^^^^^^^^^^^^^^^
[12:12:42] >>   File "<frozen importlib._bootstrap>", line 1204, in _gcd_import
[12:12:42] >>   File "<frozen importlib._bootstrap>", line 1176, in _find_and_load
[12:12:42] >>   File "<frozen importlib._bootstrap>", line 1147, in _find_and_load_unlocked
[12:12:42] >>   File "<frozen importlib._bootstrap>", line 690, in _load_unlocked
[12:12:42] >>   File "<frozen importlib._bootstrap_external>", line 940, in exec_module
[12:12:42] >>   File "<frozen importlib._bootstrap>", line 241, in _call_with_frames_removed
[12:12:42] >>   File "/home/jh/dezc-2025-hw/data-platforms/zoomcamp/pipeline/assets/ingestion/trips.py", line 45, in <module>
[12:12:42] >>     import pandas as pd
[12:12:42] >> ModuleNotFoundError: No module named 'pandas'
[12:12:42] Failed: ingestion.trips (22.468s)

==================================================

FAIL ingestion.trips 


bruin run completed with failures in 22.469s

 ✗ Assets executed      1 failed


1 assets failed
└── ingestion.trips
    └── failed to execute Python script: failed to run asset code: exit status 1

