
Pipeline: bruin-init (../..)
  No issues found

✓ Successfully validated 3 assets across 1 pipeline, all good.

Interval: 2026-02-26T00:00:00Z - 2026-02-26T23:59:59Z

Starting the pipeline execution...

[11:15:00] Running:  dataset.players
[11:15:05] >> 2026-02-27 11:15:05,204|[WARNING]|11067|132878848923456|dlt|reference.py|__init__:76|When initializing destination factory of type dlt.destinations.duckdb, argument dest_table is not a valid field in DuckDbClientConfiguration or destination capabilities
[11:15:05] >> 2026-02-27 11:15:05,205|[WARNING]|11067|132878848923456|dlt|reference.py|__init__:76|When initializing destination factory of type dlt.destinations.duckdb, argument staging_bucket is not a valid field in DuckDbClientConfiguration or destination capabilities
[11:15:05] >> 
[11:15:05] >> Initiated the pipeline with the following:
[11:15:05] >>   Source: chess / profiles
[11:15:05] >>   Destination: duckdb / dataset.players
[11:15:05] >>   Incremental Strategy: Platform-specific
[11:15:05] >>   Incremental Key: None
[11:15:05] >>   Primary Key: None
[11:15:05] >>   Pipeline ID: ad894051fe94b5356e85b6f0879ebda3353a172f54cfd5c0e3260023b56004e9
[11:15:05] >> 
[11:15:05] >> 
[11:15:05] >> Starting the ingestion...
[11:15:05] >> -------------------------------- Extract chess ---------------------------------
[11:15:05] >> Resources: 0/1 (0.0%) | Time: 0.00s | Rate: 0.00/s
[11:15:05] >> Memory usage: 224.08 MB (7.20%) | CPU usage: 0.00%
[11:15:05] >> 
[11:15:05] >> -------------------------------- Extract chess ---------------------------------
[11:15:05] >> Resources: 1/1 (100.0%) | Time: 0.47s | Rate: 2.15/s
[11:15:05] >> players: 1  | Time: 0.00s | Rate: 80659.69/s
[11:15:05] >> Memory usage: 228.46 MB (7.30%) | CPU usage: 0.00%
[11:15:05] >> 
[11:15:05] >> -------------------------------- Extract chess ---------------------------------
[11:15:05] >> Resources: 1/1 (100.0%) | Time: 0.51s | Rate: 1.95/s
[11:15:05] >> players: 2  | Time: 0.05s | Rate: 41.66/s
[11:15:05] >> Memory usage: 228.46 MB (7.30%) | CPU usage: 0.00%
[11:15:05] >> 
[11:15:06] >> -------------------- Normalize chess in 1772212505.4170778 ---------------------
[11:15:06] >> Files: 0/1 (0.0%) | Time: 0.00s | Rate: 0.00/s
[11:15:06] >> Memory usage: 228.83 MB (7.30%) | CPU usage: 0.00%
[11:15:06] >> 
[11:15:06] >> -------------------- Normalize chess in 1772212505.4170778 ---------------------
[11:15:06] >> Files: 0/1 (0.0%) | Time: 0.00s | Rate: 0.00/s
[11:15:06] >> Items: 0  | Time: 0.00s | Rate: 0.00/s
[11:15:06] >> Memory usage: 228.83 MB (7.30%) | CPU usage: 0.00%
[11:15:06] >> 
[11:15:06] >> -------------------- Normalize chess in 1772212505.4170778 ---------------------
[11:15:06] >> Files: 1/1 (100.0%) | Time: 0.06s | Rate: 17.10/s
[11:15:06] >> Items: 2  | Time: 0.06s | Rate: 34.88/s
[11:15:06] >> Memory usage: 231.83 MB (7.30%) | CPU usage: 0.00%
[11:15:06] >> 
[11:15:06] >> ----------------------- Load chess in 1772212505.4170778 -----------------------
[11:15:06] >> Jobs: 0/1 (0.0%) | Time: 0.00s | Rate: 0.00/s
[11:15:06] >> Memory usage: 232.21 MB (7.30%) | CPU usage: 0.00%
[11:15:06] >> 
[11:15:06] >> ----------------------- Load chess in 1772212505.4170778 -----------------------
[11:15:06] >> Jobs: 1/1 (100.0%) | Time: 0.16s | Rate: 6.33/s
[11:15:06] >> Memory usage: 241.14 MB (7.40%) | CPU usage: 0.00%
[11:15:06] >> 
[11:15:06] >> Successfully finished loading data from 'chess' to 'duckdb' in 1.01 seconds 
[11:15:06] >> 
[11:15:07] Finished: dataset.players (7.248s)

==================================================

PASS dataset.players 


bruin run completed successfully in 7.248s

 ✓ Assets executed      1 succeeded
