
Pipeline: bruin-init (.)
  No issues found

✓ Successfully validated 3 assets across 1 pipeline, all good.

Interval: 2026-02-26T00:00:00Z - 2026-02-26T23:59:59Z

Starting the pipeline execution...

[10:58:06] Running:  my_python_asset
[10:58:06] Running:  dataset.players
[10:58:06] [my_python_asset] >> warning: `--no-sync` has no effect when used outside of a project
[10:58:06] [my_python_asset] >> hello world
[10:58:06] Finished: my_python_asset (124ms)
[11:00:16] [dataset.players] >> 2026-02-27 11:00:16,444|[WARNING]|8876|132192591914816|dlt|reference.py|__init__:76|When initializing destination factory of type dlt.destinations.duckdb, argument dest_table is not a valid field in DuckDbClientConfiguration or destination capabilities
[11:00:16] [dataset.players] >> 2026-02-27 11:00:16,444|[WARNING]|8876|132192591914816|dlt|reference.py|__init__:76|When initializing destination factory of type dlt.destinations.duckdb, argument staging_bucket is not a valid field in DuckDbClientConfiguration or destination capabilities
[11:00:16] [dataset.players] >> 
[11:00:16] [dataset.players] >> Initiated the pipeline with the following:
[11:00:16] [dataset.players] >>   Source: chess / profiles
[11:00:16] [dataset.players] >>   Destination: duckdb / dataset.players
[11:00:16] [dataset.players] >>   Incremental Strategy: Platform-specific
[11:00:16] [dataset.players] >>   Incremental Key: None
[11:00:16] [dataset.players] >>   Primary Key: None
[11:00:16] [dataset.players] >>   Pipeline ID: ad894051fe94b5356e85b6f0879ebda3353a172f54cfd5c0e3260023b56004e9
[11:00:16] [dataset.players] >> 
[11:00:16] [dataset.players] >> 
[11:00:16] [dataset.players] >> Starting the ingestion...
[11:00:16] [dataset.players] >> -------------------------------- Extract chess ---------------------------------
[11:00:16] [dataset.players] >> Resources: 0/1 (0.0%) | Time: 0.00s | Rate: 0.00/s
[11:00:16] [dataset.players] >> Memory usage: 237.68 MB (7.50%) | CPU usage: 0.00%
[11:00:16] [dataset.players] >> 
[11:00:16] [dataset.players] >> -------------------------------- Extract chess ---------------------------------
[11:00:16] [dataset.players] >> Resources: 1/1 (100.0%) | Time: 0.32s | Rate: 3.10/s
[11:00:16] [dataset.players] >> players: 1  | Time: 0.00s | Rate: 246723.76/s
[11:00:16] [dataset.players] >> Memory usage: 241.05 MB (7.50%) | CPU usage: 0.00%
[11:00:16] [dataset.players] >> 
[11:00:16] [dataset.players] >> -------------------------------- Extract chess ---------------------------------
[11:00:16] [dataset.players] >> Resources: 1/1 (100.0%) | Time: 0.42s | Rate: 2.35/s
[11:00:16] [dataset.players] >> players: 2  | Time: 0.10s | Rate: 19.56/s
[11:00:16] [dataset.players] >> Memory usage: 241.18 MB (7.50%) | CPU usage: 0.00%
[11:00:16] [dataset.players] >> 
[11:00:16] [dataset.players] >> -------------------------------- Extract chess ---------------------------------
[11:00:16] [dataset.players] >> Resources: 0/1 (0.0%) | Time: 0.00s | Rate: 0.00/s
[11:00:16] [dataset.players] >> Memory usage: 241.30 MB (7.50%) | CPU usage: 0.00%
[11:00:16] [dataset.players] >> 
[11:00:16] [dataset.players] >> -------------------------------- Extract chess ---------------------------------
[11:00:16] [dataset.players] >> Resources: 0/1 (0.0%) | Time: 0.00s | Rate: 0.00/s
[11:00:16] [dataset.players] >> _dlt_pipeline_state: 1  | Time: 0.00s | Rate: 349525.33/s
[11:00:16] [dataset.players] >> Memory usage: 241.30 MB (7.50%) | CPU usage: 0.00%
[11:00:16] [dataset.players] >> 
[11:00:16] [dataset.players] >> -------------------------------- Extract chess ---------------------------------
[11:00:16] [dataset.players] >> Resources: 1/1 (100.0%) | Time: 0.01s | Rate: 67.11/s
[11:00:16] [dataset.players] >> _dlt_pipeline_state: 1  | Time: 0.01s | Rate: 86.01/s
[11:00:16] [dataset.players] >> Memory usage: 241.30 MB (7.50%) | CPU usage: 0.00%
[11:00:16] [dataset.players] >> 
[11:00:16] [dataset.players] >> -------------------- Normalize chess in 1772211616.5236955 ---------------------
[11:00:16] [dataset.players] >> Files: 0/2 (0.0%) | Time: 0.00s | Rate: 0.00/s
[11:00:16] [dataset.players] >> Memory usage: 242.43 MB (7.50%) | CPU usage: 0.00%
[11:00:16] [dataset.players] >> 
[11:00:16] [dataset.players] >> -------------------- Normalize chess in 1772211616.5236955 ---------------------
[11:00:16] [dataset.players] >> Files: 0/2 (0.0%) | Time: 0.00s | Rate: 0.00/s
[11:00:16] [dataset.players] >> Items: 0  | Time: 0.00s | Rate: 0.00/s
[11:00:16] [dataset.players] >> Memory usage: 242.43 MB (7.50%) | CPU usage: 0.00%
[11:00:16] [dataset.players] >> 
[11:00:16] [dataset.players] >> -------------------- Normalize chess in 1772211616.5236955 ---------------------
[11:00:16] [dataset.players] >> Files: 2/2 (100.0%) | Time: 0.01s | Rate: 207.79/s
[11:00:16] [dataset.players] >> Items: 3  | Time: 0.01s | Rate: 319.81/s
[11:00:16] [dataset.players] >> Memory usage: 245.55 MB (7.50%) | CPU usage: 0.00%
[11:00:16] [dataset.players] >> 
[11:00:17] [dataset.players] >> ----------------------- Load chess in 1772211616.5236955 -----------------------
[11:00:17] [dataset.players] >> Jobs: 0/2 (0.0%) | Time: 0.00s | Rate: 0.00/s
[11:00:17] [dataset.players] >> Memory usage: 245.80 MB (7.50%) | CPU usage: 0.00%
[11:00:17] [dataset.players] >> 
[11:00:17] [dataset.players] >> ----------------------- Load chess in 1772211616.5236955 -----------------------
[11:00:17] [dataset.players] >> Jobs: 2/2 (100.0%) | Time: 0.08s | Rate: 24.09/s
[11:00:17] [dataset.players] >> Memory usage: 256.21 MB (7.60%) | CPU usage: 0.00%
[11:00:17] [dataset.players] >> 
[11:00:17] [dataset.players] >> Successfully finished loading data from 'chess' to 'duckdb' in 0.63 seconds 
[11:00:17] [dataset.players] >> 
[11:00:18] Finished: dataset.players (2m4.208s)
[11:00:18] Running:  dataset.player_stats
[11:00:18] Finished: dataset.player_stats (37ms)
[11:00:18] Running:  dataset.player_stats:custom-check:row_count_is_greater_than_zero
[11:00:18] Running:  dataset.player_stats:name:unique
[11:00:18] Running:  dataset.player_stats:name:not_null
[11:00:18] Running:  dataset.player_stats:player_count:not_null
[11:00:18] Running:  dataset.player_stats:player_count:positive
[11:00:18] Finished: dataset.player_stats:custom-check:row_count_is_greater_than_zero (10ms)
[11:00:18] Finished: dataset.player_stats:name:not_null (18ms)
[11:00:18] Finished: dataset.player_stats:player_count:positive (26ms)
[11:00:18] Finished: dataset.player_stats:name:unique (36ms)
[11:00:18] Finished: dataset.player_stats:player_count:not_null (43ms)

==================================================

PASS my_python_asset 
PASS dataset.players 
PASS dataset.player_stats .....


bruin run completed successfully in 2m4.29s

 ✓ Assets executed      3 succeeded
 ✓ Quality checks       5 succeeded
